OrcAndroid/proguard/seeds.txt
orc.compile.parse.OrcParsers$$anonfun$92$$anonfun$apply$88
orc.compile.parse.OrcParsers$$anonfun$92$$anonfun$apply$88: long serialVersionUID
orc.compile.parse.OrcParsers$$anonfun$92$$anonfun$apply$88: orc.compile.parse.OrcParsers$$anonfun$92 $outer
orc.compile.parse.OrcParsers$$anonfun$92$$anonfun$apply$88: void <clinit>()
orc.compile.parse.OrcParsers$$anonfun$92$$anonfun$apply$88: scala.util.parsing.combinator.Parsers$Parser apply()
orc.compile.parse.OrcParsers$$anonfun$92$$anonfun$apply$88: java.lang.Object apply()
orc.compile.parse.OrcParsers$$anonfun$92$$anonfun$apply$88: OrcParsers$$anonfun$92$$anonfun$apply$88(orc.compile.parse.OrcParsers$$anonfun$92)
orc.compile.parse.OrcParsers$$anonfun$93
orc.compile.parse.OrcParsers$$anonfun$93: long serialVersionUID
orc.compile.parse.OrcParsers$$anonfun$93: orc.compile.parse.OrcParsers $outer
orc.compile.parse.OrcParsers$$anonfun$93: void <clinit>()
orc.compile.parse.OrcParsers$$anonfun$93: scala.util.parsing.combinator.Parsers$Parser apply()
orc.compile.parse.OrcParsers$$anonfun$93: orc.compile.parse.OrcParsers orc$compile$parse$OrcParsers$$anonfun$$$outer()
orc.compile.parse.OrcParsers$$anonfun$93: java.lang.Object apply()
orc.compile.parse.OrcParsers$$anonfun$93: OrcParsers$$anonfun$93(orc.compile.parse.OrcParsers)
orc.compile.parse.OrcParsers$$anonfun$93$$anonfun$apply$89
orc.compile.parse.OrcParsers$$anonfun$93$$anonfun$apply$89: long serialVersionUID
orc.compile.parse.OrcParsers$$anonfun$93$$anonfun$apply$89: orc.compile.parse.OrcParsers$$anonfun$93 $outer
orc.compile.parse.OrcParsers$$anonfun$93$$anonfun$apply$89: void <clinit>()
orc.compile.parse.OrcParsers$$anonfun$93$$anonfun$apply$89: scala.util.parsing.combinator.Parsers$Parser apply()
orc.compile.parse.OrcParsers$$anonfun$93$$anonfun$apply$89: java.lang.Object apply()
orc.compile.parse.OrcParsers$$anonfun$93$$anonfun$apply$89: OrcParsers$$anonfun$93$$anonfun$apply$89(orc.compile.parse.OrcParsers$$anonfun$93)
orc.compile.parse.OrcParsers$$anonfun$94
orc.compile.parse.OrcParsers$$anonfun$94: long serialVersionUID
orc.compile.parse.OrcParsers$$anonfun$94: orc.compile.parse.OrcParsers $outer
orc.compile.parse.OrcParsers$$anonfun$94: void <clinit>()
orc.compile.parse.OrcParsers$$anonfun$94: scala.util.parsing.combinator.Parsers$Parser apply()
orc.compile.parse.OrcParsers$$anonfun$94: orc.compile.parse.OrcParsers orc$compile$parse$OrcParsers$$anonfun$$$outer()
orc.compile.parse.OrcParsers$$anonfun$94: java.lang.Object apply()
orc.compile.parse.OrcParsers$$anonfun$94: OrcParsers$$anonfun$94(orc.compile.parse.OrcParsers)
orc.compile.parse.OrcParsers$$anonfun$94$$anonfun$apply$90
orc.compile.parse.OrcParsers$$anonfun$94$$anonfun$apply$90: long serialVersionUID
orc.compile.parse.OrcParsers$$anonfun$94$$anonfun$apply$90: orc.compile.parse.OrcParsers$$anonfun$94 $outer
orc.compile.parse.OrcParsers$$anonfun$94$$anonfun$apply$90: void <clinit>()
orc.compile.parse.OrcParsers$$anonfun$94$$anonfun$apply$90: scala.util.parsing.combinator.Parsers$Parser apply()
orc.compile.parse.OrcParsers$$anonfun$94$$anonfun$apply$90: java.lang.Object apply()
orc.compile.parse.OrcParsers$$anonfun$94$$anonfun$apply$90: OrcParsers$$anonfun$94$$anonfun$apply$90(orc.compile.parse.OrcParsers$$anonfun$94)
orc.compile.parse.OrcParsers$$anonfun$94$$anonfun$apply$91
orc.compile.parse.OrcParsers$$anonfun$94$$anonfun$apply$91: long serialVersionUID
orc.compile.parse.OrcParsers$$anonfun$94$$anonfun$apply$91: orc.compile.parse.OrcParsers$$anonfun$94 $outer
orc.compile.parse.OrcParsers$$anonfun$94$$anonfun$apply$91: void <clinit>()
orc.compile.parse.OrcParsers$$anonfun$94$$anonfun$apply$91: scala.util.parsing.combinator.Parsers$Parser apply()
orc.compile.parse.OrcParsers$$anonfun$94$$anonfun$apply$91: java.lang.Object apply()
orc.compile.parse.OrcParsers$$anonfun$94$$anonfun$apply$91: OrcParsers$$anonfun$94$$anonfun$apply$91(orc.compile.parse.OrcParsers$$anonfun$94)