OrcAndroid/proguard/usage.txt
scala.collection.IterableView$$anon$1
scala.collection.IterableViewLike:
    public abstract scala.collection.IterableViewLike$Transformed newZippedAll(scala.collection.GenIterable,java.lang.Object,java.lang.Object)
    public abstract scala.collection.IterableViewLike$Transformed newForced(scala.Function0)
    public abstract scala.collection.IterableViewLike$Transformed newAppended(scala.collection.GenTraversable)
    public abstract scala.collection.IterableViewLike$Transformed newMapped(scala.Function1)
    public abstract scala.collection.IterableViewLike$Transformed newFlatMapped(scala.Function1)
    public abstract scala.collection.IterableViewLike$Transformed newFiltered(scala.Function1)
    public abstract scala.collection.IterableViewLike$Transformed newSliced(scala.collection.generic.SliceInterval)
    public abstract scala.collection.IterableViewLike$Transformed newDroppedWhile(scala.Function1)
    public abstract scala.collection.IterableViewLike$Transformed newTakenWhile(scala.Function1)
    public abstract java.lang.Object zipWithIndex(scala.collection.generic.CanBuildFrom)
    public abstract java.lang.Object zipAll(scala.collection.GenIterable,java.lang.Object,java.lang.Object,scala.collection.generic.CanBuildFrom)
    public abstract scala.collection.Iterator grouped(int)
    public abstract scala.collection.Iterator sliding(int,int)
    public abstract java.lang.String stringPrefix()
scala.collection.IterableViewLike$$anon$1
scala.collection.IterableViewLike$$anon$10
scala.collection.IterableViewLike$$anon$2
scala.collection.IterableViewLike$$anon$3
scala.collection.IterableViewLike$$anon$4
scala.collection.IterableViewLike$$anon$5
scala.collection.IterableViewLike$$anon$6
scala.collection.IterableViewLike$$anon$7
scala.collection.IterableViewLike$$anon$8
scala.collection.IterableViewLike$$anon$9
scala.collection.IterableViewLike$$anonfun$grouped$1
scala.collection.IterableViewLike$$anonfun$grouped$1$$anonfun$apply$1
scala.collection.IterableViewLike$$anonfun$sliding$1
scala.collection.IterableViewLike$$anonfun$sliding$1$$anonfun$apply$2
scala.collection.IterableViewLike$DroppedWhile
scala.collection.IterableViewLike$EmptyView
scala.collection.IterableViewLike$TakenWhile
scala.collection.IterableViewLike$Transformed:
    public abstract void foreach(scala.Function1)
    public abstract java.lang.String toString()
    public abstract scala.collection.IterableViewLike scala$collection$IterableViewLike$Transformed$$$outer()
scala.collection.IterableViewLike$Transformed$class:
    42:42:public static java.lang.String toString(scala.collection.IterableViewLike$Transformed)
scala.collection.IterableViewLike$ZippedAll